Arguments: 
  C:\Program Files\nodejs\node.exe C:\Program Files (x86)\Yarn\bin\yarn.js add moment

PATH: 
  C:\Program Files (x86)\Common Files\Oracle\Java\javapath;D:\app\leo\product\11.2.0\client_1\BIN;C:\Program Files (x86)\NetSarang\Xshell 6\;C:\WINDOWS\system32;C:\WINDOWS;C:\WINDOWS\System32\Wbem;C:\WINDOWS\System32\WindowsPowerShell\v1.0\;C:\WINDOWS\System32\OpenSSH\;C:\Program Files\Git\cmd;C:\instantclient;C:\Program Files (x86)\Yarn\bin\;C:\Program Files\Java\jdk1.8.0_241\bin;C:\Users\leo\AppData\Local\Android\Sdk\emulator;C:\Users\leo\AppData\Local\Android\Sdk\platform-tools;C:\Users\leo\AppData\Local\Android\Sdk\tools;C:\gradle-6.0.1\bin;C:\flutter\bin;C:\platform-tools;C:\scrcpy-win64-v1.10;C:\Users\leo\AppData\Local\Programs\Python\Python38-32\Scripts\;C:\Users\leo\AppData\Local\Programs\Python\Python38-32\;C:\phpstudy_pro\Extensions\php\php5.5.9nts;C:\ProgramData\ComposerSetup\bin;C:\Users\leo\AppData\Roaming\nvm;C:\Program Files\nodejs;C:\Program Files (x86)\EasyShare\x86\;C:\Program Files (x86)\EasyShare\x64\;C:\Users\leo\AppData\Local\Programs\Python\Python38-32\Scripts\;C:\Users\leo\AppData\Local\Programs\Python\Python38-32\;C:\Users\leo\scoop\shims;C:\Users\leo\AppData\Local\Microsoft\WindowsApps;C:\Users\leo\AppData\Local\Yarn\bin;C:\Program Files\JetBrains\WebStorm 2019.3.1\bin;;C:\Users\leo\AppData\Local\Programs\Microsoft VS Code\bin;C:\Users\leo\AppData\Local\Microsoft\WindowsApps;C:\Users\leo\AppData\Roaming\npm;C:\Users\leo\AppData\Roaming\Composer\vendor\bin;C:\Users\leo\AppData\Roaming\nvm;C:\Program Files\nodejs;C:\Program Files\Huawei\DevEco Studio\bin;

Yarn version: 
  1.21.1

Node version: 
  12.19.0

Platform: 
  win32 x64

Trace: 
  Error: https://registry.npm.taobao.org/@log4js-node%2fsmtp: tunneling socket could not be established, cause=getaddrinfo ENOTFOUND 7890
      at ClientRequest.onError (C:\Program Files (x86)\Yarn\lib\cli.js:152151:17)
      at Object.onceWrapper (events.js:421:26)
      at ClientRequest.emit (events.js:314:20)
      at Socket.socketErrorListener (_http_client.js:428:9)
      at Socket.emit (events.js:314:20)
      at emitErrorNT (internal/streams/destroy.js:92:8)
      at emitErrorAndCloseNT (internal/streams/destroy.js:60:3)
      at processTicksAndRejections (internal/process/task_queues.js:84:21)

npm manifest: 
  {
    "name": "nodeddns",
    "version": "0.0.0",
    "private": true,
    "scripts": {
      "start": "node ./app.js"
    },
    "dependencies": {
      "@log4js-node/smtp": "^1.1.0",
      "axios": "^0.21.1",
      "debug": "~2.6.9",
      "log4js": "^6.3.0",
      "qs": "^6.9.4",
      "request": "^2.88.2"
    }
  }

yarn manifest: 
  No manifest

Lockfile: 
  No lockfile
